<?xml version="1.0" encoding="UTF-8"?>
<!-- Generated by org.testng.reporters.JUnitReportReporter -->
<testsuite hostname="DESKTOP-S3O4BKL" name="runners.IndividualProfile_Runner" tests="1" failures="0" timestamp="28 Aug 2020 15:13:05 GMT" time="6.259" errors="0">
  <testcase name="feature" time="6.259" classname="runners.IndividualProfile_Runner"/>
</testsuite> <!-- runners.IndividualProfile_Runner -->
